<?xml version="1.0" encoding="UTF-8"?>
<!-- Generated by org.testng.reporters.JUnitXMLReporter -->
<testsuite ignored="0" hostname="LAPTOP-DOBLN3AU" failures="0" tests="3" name="Default test" time="18.046" errors="0" timestamp="2022-04-15T09:20:51 IST">
  <testcase classname="testNGScripts.TestAnnotation2" name="dropdown" time="2.253"/>
  <testcase classname="testNGScripts.TestAnnotation2" name="checkbox" time="3.813"/>
  <testcase classname="testNGScripts.TestAnnotation2" name="login" time="2.6"/>
</testsuite> <!-- Default test -->
