<?xml version="1.0" encoding="UTF-8"?>
<testsuite xmlns:xsi="http://www.w3.org/2001/XMLSchema-instance" xsi:noNamespaceSchemaLocation="https://maven.apache.org/surefire/maven-surefire-plugin/xsd/surefire-test-report.xsd" name="TestSuite" time="40.34" tests="6" errors="0" skipped="0" failures="0">
  <properties>
[...]
</properties>
  <testcase name="linkTextDemo" classname="testNGScripts.LinktextLocatorDemo" time="19.039"/>
  <testcase name="testcase1" classname="testNGScripts.TestAnnotation1" time="5.778"/>
  <testcase name="testcase3" classname="testNGScripts.TesNgGroupsDemo" time="0"/>
  <testcase name="testcase5" classname="testNGScripts.TesNgGroupsDemo" time="0.001"/>
  <testcase name="testcase4" classname="testNGScripts.TesNgGroupsDemo" time="0.002"/>
  <testcase name="testcase6" classname="testNGScripts.TesNgGroupsDemo" time="0.001"/>
</testsuite>