<?xml version="1.0" encoding="UTF-8"?>
<!-- Generated by org.testng.reporters.JUnitXMLReporter -->
<testsuite ignored="2" hostname="LAPTOP-DOBLN3AU" failures="0" tests="4" name="Test1" time="0.003" errors="0" timestamp="15 Apr 2022 07:12:05 GMT">
  <testcase classname="testNGScripts.TesNgGroupsDemo" name="testcase3" time="0.0"/>
  <testcase classname="testNGScripts.TesNgGroupsDemo" name="testcase5" time="0.001"/>
  <testcase classname="testNGScripts.TesNgGroupsDemo" name="testcase4" time="0.0"/>
  <testcase classname="testNGScripts.TesNgGroupsDemo" name="testcase6" time="0.0"/>
  <testcase classname="testNGScripts.TesNgGroupsDemo" name="testcase1" time="0.0">
    <ignored/>
  </testcase> <!-- testcase1 -->
  <testcase classname="testNGScripts.TesNgGroupsDemo" name="testcase2" time="0.0">
    <ignored/>
  </testcase> <!-- testcase2 -->
</testsuite> <!-- Test1 -->
