<?xml version="1.0" encoding="UTF-8"?>
<testng-results ignored="0" total="1" passed="1" failed="0" skipped="0">
  <reporter-output>
  </reporter-output>
  <suite started-at="2022-04-14T12:45:54 IST" name="Default suite" finished-at="2022-04-14T12:46:08 IST" duration-ms="14741">
    <groups>
    </groups>
    <test started-at="2022-04-14T12:45:54 IST" name="Default test" finished-at="2022-04-14T12:46:08 IST" duration-ms="14741">
      <class name="testNGScripts.TestAnnotation1">
        <test-method is-config="true" signature="startbrowser()[pri:0, instance:testNGScripts.TestAnnotation1@41fecb8b]" started-at="2022-04-14T12:45:54 IST" name="startbrowser" finished-at="2022-04-14T12:46:00 IST" duration-ms="6169" status="PASS">
          <reporter-output>
          </reporter-output>
        </test-method> <!-- startbrowser -->
        <test-method signature="testcase1()[pri:49, instance:testNGScripts.TestAnnotation1@41fecb8b]" started-at="2022-04-14T12:46:00 IST" name="testcase1" finished-at="2022-04-14T12:46:08 IST" duration-ms="7890" status="PASS">
          <reporter-output>
          </reporter-output>
        </test-method> <!-- testcase1 -->
        <test-method is-config="true" signature="closeBrowser()[pri:0, instance:testNGScripts.TestAnnotation1@41fecb8b]" started-at="2022-04-14T12:46:08 IST" name="closeBrowser" finished-at="2022-04-14T12:46:08 IST" duration-ms="588" status="PASS">
          <reporter-output>
          </reporter-output>
        </test-method> <!-- closeBrowser -->
      </class> <!-- testNGScripts.TestAnnotation1 -->
    </test> <!-- Default test -->
  </suite> <!-- Default suite -->
</testng-results>
