<?xml version="1.0" encoding="UTF-8"?>
<testng-results ignored="0" total="4" passed="4" failed="0" skipped="0">
  <reporter-output>
  </reporter-output>
  <suite started-at="2022-04-15T12:25:53 IST" name="Seleniumtesting" finished-at="2022-04-15T12:26:16 IST" duration-ms="22797">
    <groups>
    </groups>
    <test started-at="2022-04-15T12:25:53 IST" name="Test2" finished-at="2022-04-15T12:26:13 IST" duration-ms="19849">
      <class name="testNGScripts.ParameterDemo">
        <test-method is-config="true" signature="startBrowser()[pri:0, instance:testNGScripts.ParameterDemo@18d87d80]" started-at="2022-04-15T12:25:54 IST" name="startBrowser" finished-at="2022-04-15T12:26:04 IST" duration-ms="10563" status="PASS">
          <reporter-output>
          </reporter-output>
        </test-method> <!-- startBrowser -->
        <test-method signature="login(java.lang.String,java.lang.String)[pri:49, instance:testNGScripts.ParameterDemo@18d87d80]" started-at="2022-04-15T12:26:04 IST" name="login" finished-at="2022-04-15T12:26:06 IST" duration-ms="1519" status="PASS">
          <params>
            <param index="0">
              <value>
                <![CDATA[employee]]>
              </value>
            </param>
            <param index="1">
              <value>
                <![CDATA[emp@123]]>
              </value>
            </param>
          </params>
          <reporter-output>
          </reporter-output>
        </test-method> <!-- login -->
        <test-method signature="method2(java.lang.String)[pri:50, instance:testNGScripts.ParameterDemo@18d87d80]" started-at="2022-04-15T12:26:06 IST" name="method2" finished-at="2022-04-15T12:26:12 IST" duration-ms="6839" status="PASS">
          <params>
            <param index="0">
              <value>
                <![CDATA[Jmeter Automation]]>
              </value>
            </param>
          </params>
          <reporter-output>
          </reporter-output>
        </test-method> <!-- method2 -->
        <test-method is-config="true" signature="closebrowser()[pri:0, instance:testNGScripts.ParameterDemo@18d87d80]" started-at="2022-04-15T12:26:12 IST" name="closebrowser" finished-at="2022-04-15T12:26:13 IST" duration-ms="870" status="PASS">
          <reporter-output>
          </reporter-output>
        </test-method> <!-- closebrowser -->
      </class> <!-- testNGScripts.ParameterDemo -->
    </test> <!-- Test2 -->
    <test started-at="2022-04-15T12:25:53 IST" name="Test1" finished-at="2022-04-15T12:26:16 IST" duration-ms="22797">
      <class name="testNGScripts.ParameterDemo">
        <test-method is-config="true" signature="startBrowser()[pri:0, instance:testNGScripts.ParameterDemo@3e84448c]" started-at="2022-04-15T12:25:54 IST" name="startBrowser" finished-at="2022-04-15T12:26:04 IST" duration-ms="10159" status="PASS">
          <reporter-output>
          </reporter-output>
        </test-method> <!-- startBrowser -->
        <test-method signature="login(java.lang.String,java.lang.String)[pri:49, instance:testNGScripts.ParameterDemo@3e84448c]" started-at="2022-04-15T12:26:04 IST" name="login" finished-at="2022-04-15T12:26:05 IST" duration-ms="1515" status="PASS">
          <params>
            <param index="0">
              <value>
                <![CDATA[admin]]>
              </value>
            </param>
            <param index="1">
              <value>
                <![CDATA[admin@123]]>
              </value>
            </param>
          </params>
          <reporter-output>
          </reporter-output>
        </test-method> <!-- login -->
        <test-method signature="method2(java.lang.String)[pri:50, instance:testNGScripts.ParameterDemo@3e84448c]" started-at="2022-04-15T12:26:05 IST" name="method2" finished-at="2022-04-15T12:26:11 IST" duration-ms="6169" status="PASS">
          <params>
            <param index="0">
              <value>
                <![CDATA[Selenium Automation]]>
              </value>
            </param>
          </params>
          <reporter-output>
          </reporter-output>
        </test-method> <!-- method2 -->
        <test-method is-config="true" signature="closebrowser()[pri:0, instance:testNGScripts.ParameterDemo@3e84448c]" started-at="2022-04-15T12:26:11 IST" name="closebrowser" finished-at="2022-04-15T12:26:16 IST" duration-ms="4864" status="PASS">
          <reporter-output>
          </reporter-output>
        </test-method> <!-- closebrowser -->
      </class> <!-- testNGScripts.ParameterDemo -->
    </test> <!-- Test1 -->
  </suite> <!-- Seleniumtesting -->
</testng-results>
